<?xml version="1.0" encoding="UTF-8"?>
<!-- Generated by org.testng.reporters.JUnitXMLReporter -->
<testsuite ignored="0" hostname="LAPTOP-RIP7FCT2" failures="0" tests="3" name="Default test" time="0.055" errors="0" timestamp="2023-04-01T11:58:53 IST">
  <testcase classname="testNgPack.TestNg" name="@BeforeTest openBrowser" time="-1.680330533022E9">
    <failure type="org.testng.TestNGException" message="
Parameter &amp;apos;browser&amp;apos; is required by BeforeTest on method openBrowser but has not been marked @Optional or defined
in C:\Users\gopik\AppData\Local\Temp\testng-eclipse--1387207247\testng-customsuite.xml">
      <![CDATA[org.testng.TestNGException: 
Parameter 'browser' is required by BeforeTest on method openBrowser but has not been marked @Optional or defined
in C:\Users\gopik\AppData\Local\Temp\testng-eclipse--1387207247\testng-customsuite.xml
at org.testng.internal.Parameters.createParams(Parameters.java:270)
at org.testng.internal.Parameters.createParametersForMethod(Parameters.java:358)
at org.testng.internal.Parameters.createParameters(Parameters.java:700)
at org.testng.internal.Parameters.createConfigurationParameters(Parameters.java:168)
at org.testng.internal.ConfigInvoker.invokeConfigurations(ConfigInvoker.java:302)
at org.testng.TestRunner.invokeTestConfigurations(TestRunner.java:637)
at org.testng.TestRunner.beforeRun(TestRunner.java:627)
at org.testng.TestRunner.run(TestRunner.java:589)
at org.testng.SuiteRunner.runTest(SuiteRunner.java:377)
at org.testng.SuiteRunner.runSequentially(SuiteRunner.java:371)
at org.testng.SuiteRunner.privateRun(SuiteRunner.java:332)
at org.testng.SuiteRunner.run(SuiteRunner.java:276)
at org.testng.SuiteRunnerWorker.runSuite(SuiteRunnerWorker.java:53)
at org.testng.SuiteRunnerWorker.run(SuiteRunnerWorker.java:96)
at org.testng.TestNG.runSuitesSequentially(TestNG.java:1212)
at org.testng.TestNG.runSuitesLocally(TestNG.java:1134)
at org.testng.TestNG.runSuites(TestNG.java:1063)
at org.testng.TestNG.run(TestNG.java:1031)
at org.testng.remote.AbstractRemoteTestNG.run(AbstractRemoteTestNG.java:115)
at org.testng.remote.RemoteTestNG.initAndRun(RemoteTestNG.java:251)
at org.testng.remote.RemoteTestNG.main(RemoteTestNG.java:77)
]]>
    </failure>
  </testcase> <!-- @BeforeTest openBrowser -->
  <testcase classname="testNgPack.TestNg" name="@BeforeClass CreatePOMobject" time="-1.680330533041E9">
    <skipped/>
  </testcase> <!-- @BeforeClass CreatePOMobject -->
  <testcase classname="testNgPack.TestNg" name="@BeforeMethod BrowserOpen" time="-1.680330533052E9">
    <skipped/>
  </testcase> <!-- @BeforeMethod BrowserOpen -->
  <testcase classname="testNgPack.TestNg" name="@AfterMethod LogoutFromApplication" time="-1.680330533057E9">
    <skipped/>
  </testcase> <!-- @AfterMethod LogoutFromApplication -->
  <testcase classname="testNgPack.TestNg" name="@BeforeMethod BrowserOpen" time="-1.680330533059E9">
    <skipped/>
  </testcase> <!-- @BeforeMethod BrowserOpen -->
  <testcase classname="testNgPack.TestNg" name="@AfterMethod LogoutFromApplication" time="-1.680330533063E9">
    <skipped/>
  </testcase> <!-- @AfterMethod LogoutFromApplication -->
  <testcase classname="testNgPack.TestNg" name="@BeforeMethod BrowserOpen" time="-1.680330533064E9">
    <skipped/>
  </testcase> <!-- @BeforeMethod BrowserOpen -->
  <testcase classname="testNgPack.TestNg" name="@AfterMethod LogoutFromApplication" time="-1.680330533068E9">
    <skipped/>
  </testcase> <!-- @AfterMethod LogoutFromApplication -->
  <testcase classname="testNgPack.TestNg" name="@AfterClass afterClass" time="-1.68033053307E9">
    <skipped/>
  </testcase> <!-- @AfterClass afterClass -->
  <testcase classname="testNgPack.TestNg" name="@AfterTest afterTest" time="-1.680330533073E9">
    <skipped/>
  </testcase> <!-- @AfterTest afterTest -->
  <testcase classname="testNgPack.TestNg" name="VerifyCancleButtonOnForgotPasswordPage" time="0.0">
    <skipped/>
  </testcase> <!-- VerifyCancleButtonOnForgotPasswordPage -->
  <testcase classname="testNgPack.TestNg" name="VerifyClickSerachButton" time="0.0">
    <skipped/>
  </testcase> <!-- VerifyClickSerachButton -->
  <testcase classname="testNgPack.TestNg" name="VerifyMassageonForgotPasswordPage" time="0.0">
    <skipped/>
  </testcase> <!-- VerifyMassageonForgotPasswordPage -->
</testsuite> <!-- Default test -->
