<?xml version="1.0" encoding="UTF-8"?>
<testng-results ignored="0" total="8" passed="6" failed="2" skipped="0">
  <reporter-output>
  </reporter-output>
  <suite started-at="2023-04-04T11:28:51 IST" name="Suite" finished-at="2023-04-04T11:29:10 IST" duration-ms="19251">
    <groups>
    </groups>
    <test started-at="2023-04-04T11:28:51 IST" name="ChromeTest" finished-at="2023-04-04T11:29:05 IST" duration-ms="14146">
      <class name="testNgPack.TestNg">
        <test-method is-config="true" signature="openBrowser(java.lang.String)[pri:0, instance:testNgPack.TestNg@3911c2a7]" started-at="2023-04-04T11:28:51 IST" name="openBrowser" finished-at="2023-04-04T11:28:52 IST" duration-ms="1298" status="PASS">
          <params>
            <param index="0">
              <value>
                <![CDATA[Chrome]]>
              </value>
            </param>
          </params>
          <reporter-output>
          </reporter-output>
        </test-method> <!-- openBrowser -->
        <test-method is-config="true" signature="CreatePOMobject()[pri:0, instance:testNgPack.TestNg@3911c2a7]" started-at="2023-04-04T11:28:53 IST" name="CreatePOMobject" finished-at="2023-04-04T11:28:53 IST" duration-ms="36" status="PASS">
          <reporter-output>
          </reporter-output>
        </test-method> <!-- CreatePOMobject -->
        <test-method is-config="true" signature="BrowserOpen()[pri:0, instance:testNgPack.TestNg@3911c2a7]" started-at="2023-04-04T11:28:53 IST" name="BrowserOpen" finished-at="2023-04-04T11:29:00 IST" duration-ms="6620" status="PASS">
          <reporter-output>
          </reporter-output>
        </test-method> <!-- BrowserOpen -->
        <test-method signature="VerifyCancleButtonOnForgotPasswordPage()[pri:0, instance:testNgPack.TestNg@3911c2a7]" started-at="2023-04-04T11:29:00 IST" name="VerifyCancleButtonOnForgotPasswordPage" finished-at="2023-04-04T11:29:01 IST" duration-ms="1140" status="PASS">
          <reporter-output>
          </reporter-output>
        </test-method> <!-- VerifyCancleButtonOnForgotPasswordPage -->
        <test-method is-config="true" signature="LogoutFromApplication(org.testng.ITestResult)[pri:0, instance:testNgPack.TestNg@3911c2a7]" started-at="2023-04-04T11:29:01 IST" name="LogoutFromApplication" finished-at="2023-04-04T11:29:01 IST" duration-ms="0" status="PASS">
          <params>
            <param index="0">
              <value>
                <![CDATA[[TestResult name=VerifyCancleButtonOnForgotPasswordPage status=SUCCESS method=TestNg.VerifyCancleButtonOnForgotPasswordPage()[pri:0, instance:testNgPack.TestNg@3911c2a7] output={null}]]]>
              </value>
            </param>
          </params>
          <reporter-output>
          </reporter-output>
        </test-method> <!-- LogoutFromApplication -->
        <test-method is-config="true" signature="BrowserOpen()[pri:0, instance:testNgPack.TestNg@3911c2a7]" started-at="2023-04-04T11:29:01 IST" name="BrowserOpen" finished-at="2023-04-04T11:29:03 IST" duration-ms="2458" status="PASS">
          <reporter-output>
          </reporter-output>
        </test-method> <!-- BrowserOpen -->
        <test-method signature="VerifyMassageonForgotPasswordPage()[pri:0, instance:testNgPack.TestNg@3911c2a7]" started-at="2023-04-04T11:29:03 IST" name="VerifyMassageonForgotPasswordPage" finished-at="2023-04-04T11:29:03 IST" duration-ms="48" status="PASS">
          <reporter-output>
          </reporter-output>
        </test-method> <!-- VerifyMassageonForgotPasswordPage -->
        <test-method is-config="true" signature="LogoutFromApplication(org.testng.ITestResult)[pri:0, instance:testNgPack.TestNg@3911c2a7]" started-at="2023-04-04T11:29:03 IST" name="LogoutFromApplication" finished-at="2023-04-04T11:29:03 IST" duration-ms="0" status="PASS">
          <params>
            <param index="0">
              <value>
                <![CDATA[[TestResult name=VerifyMassageonForgotPasswordPage status=SUCCESS method=TestNg.VerifyMassageonForgotPasswordPage()[pri:0, instance:testNgPack.TestNg@3911c2a7] output={null}]]]>
              </value>
            </param>
          </params>
          <reporter-output>
          </reporter-output>
        </test-method> <!-- LogoutFromApplication -->
        <test-method is-config="true" signature="afterClass()[pri:0, instance:testNgPack.TestNg@3911c2a7]" started-at="2023-04-04T11:29:03 IST" name="afterClass" finished-at="2023-04-04T11:29:03 IST" duration-ms="0" status="PASS">
          <reporter-output>
          </reporter-output>
        </test-method> <!-- afterClass -->
        <test-method is-config="true" signature="afterTest()[pri:0, instance:testNgPack.TestNg@3911c2a7]" started-at="2023-04-04T11:29:04 IST" name="afterTest" finished-at="2023-04-04T11:29:04 IST" duration-ms="294" status="PASS">
          <reporter-output>
          </reporter-output>
        </test-method> <!-- afterTest -->
      </class> <!-- testNgPack.TestNg -->
      <class name="testNgPack.TestNgSignUp">
        <test-method is-config="true" signature="openBrowser(java.lang.String)[pri:0, instance:testNgPack.TestNgSignUp@2145b572]" started-at="2023-04-04T11:28:52 IST" name="openBrowser" finished-at="2023-04-04T11:28:53 IST" duration-ms="906" status="PASS">
          <params>
            <param index="0">
              <value>
                <![CDATA[Chrome]]>
              </value>
            </param>
          </params>
          <reporter-output>
          </reporter-output>
        </test-method> <!-- openBrowser -->
        <test-method is-config="true" signature="CreatePOMObject()[pri:0, instance:testNgPack.TestNgSignUp@2145b572]" started-at="2023-04-04T11:28:53 IST" name="CreatePOMObject" finished-at="2023-04-04T11:28:53 IST" duration-ms="37" status="PASS">
          <reporter-output>
          </reporter-output>
        </test-method> <!-- CreatePOMObject -->
        <test-method is-config="true" signature="beforeMethod()[pri:0, instance:testNgPack.TestNgSignUp@2145b572]" started-at="2023-04-04T11:28:53 IST" name="beforeMethod" finished-at="2023-04-04T11:28:56 IST" duration-ms="3505" status="PASS">
          <reporter-output>
          </reporter-output>
        </test-method> <!-- beforeMethod -->
        <test-method signature="test1()[pri:0, instance:testNgPack.TestNgSignUp@2145b572]" started-at="2023-04-04T11:28:56 IST" name="test1" finished-at="2023-04-04T11:29:01 IST" duration-ms="4182" status="FAIL">
          <exception class="java.lang.NoSuchFieldError">
            <message>
              <![CDATA[Factory]]>
            </message>
            <full-stacktrace>
              <![CDATA[java.lang.NoSuchFieldError: Factory
at org.apache.poi.xssf.model.ThemesTable.readFrom(ThemesTable.java:119)
at org.apache.poi.xssf.model.ThemesTable.<init>(ThemesTable.java:87)
at org.apache.poi.ooxml.POIXMLFactory.createDocumentPart(POIXMLFactory.java:61)
at org.apache.poi.ooxml.POIXMLDocumentPart.read(POIXMLDocumentPart.java:661)
at org.apache.poi.ooxml.POIXMLDocument.load(POIXMLDocument.java:165)
at org.apache.poi.xssf.usermodel.XSSFWorkbook.<init>(XSSFWorkbook.java:259)
at org.apache.poi.xssf.usermodel.XSSFWorkbookFactory.createWorkbook(XSSFWorkbookFactory.java:118)
at org.apache.poi.xssf.usermodel.XSSFWorkbookFactory.create(XSSFWorkbookFactory.java:98)
at org.apache.poi.xssf.usermodel.XSSFWorkbookFactory.create(XSSFWorkbookFactory.java:36)
at org.apache.poi.ss.usermodel.WorkbookFactory.lambda$create$2(WorkbookFactory.java:224)
at org.apache.poi.ss.usermodel.WorkbookFactory.wp(WorkbookFactory.java:329)
at org.apache.poi.ss.usermodel.WorkbookFactory.create(WorkbookFactory.java:224)
at org.apache.poi.ss.usermodel.WorkbookFactory.create(WorkbookFactory.java:185)
at utils.Utility.getExcelData(Utility.java:47)
at testNgPack.TestNgSignUp.test1(TestNgSignUp.java:94)
at java.base/jdk.internal.reflect.NativeMethodAccessorImpl.invoke0(Native Method)
at java.base/jdk.internal.reflect.NativeMethodAccessorImpl.invoke(NativeMethodAccessorImpl.java:77)
at java.base/jdk.internal.reflect.DelegatingMethodAccessorImpl.invoke(DelegatingMethodAccessorImpl.java:43)
at java.base/java.lang.reflect.Method.invoke(Method.java:568)
at org.testng.internal.MethodInvocationHelper.invokeMethod(MethodInvocationHelper.java:133)
at org.testng.internal.TestInvoker.invokeMethod(TestInvoker.java:598)
at org.testng.internal.TestInvoker.invokeTestMethod(TestInvoker.java:173)
at org.testng.internal.MethodRunner.runInSequence(MethodRunner.java:46)
at org.testng.internal.TestInvoker$MethodInvocationAgent.invoke(TestInvoker.java:824)
at org.testng.internal.TestInvoker.invokeTestMethods(TestInvoker.java:146)
at org.testng.internal.TestMethodWorker.invokeTestMethods(TestMethodWorker.java:146)
at org.testng.internal.TestMethodWorker.run(TestMethodWorker.java:128)
at java.base/java.util.concurrent.ThreadPoolExecutor.runWorker(ThreadPoolExecutor.java:1136)
at java.base/java.util.concurrent.ThreadPoolExecutor$Worker.run(ThreadPoolExecutor.java:635)
at java.base/java.lang.Thread.run(Thread.java:833)
]]>
            </full-stacktrace>
          </exception> <!-- java.lang.NoSuchFieldError -->
          <reporter-output>
          </reporter-output>
        </test-method> <!-- test1 -->
        <test-method is-config="true" signature="afterMethod(org.testng.ITestResult)[pri:0, instance:testNgPack.TestNgSignUp@2145b572]" started-at="2023-04-04T11:29:01 IST" name="afterMethod" finished-at="2023-04-04T11:29:01 IST" duration-ms="383" status="PASS">
          <params>
            <param index="0">
              <value>
                <![CDATA[[TestResult name=test1 status=FAILURE method=TestNgSignUp.test1()[pri:0, instance:testNgPack.TestNgSignUp@2145b572] output={null}]]]>
              </value>
            </param>
          </params>
          <reporter-output>
          </reporter-output>
        </test-method> <!-- afterMethod -->
        <test-method is-config="true" signature="beforeMethod()[pri:0, instance:testNgPack.TestNgSignUp@2145b572]" started-at="2023-04-04T11:29:01 IST" name="beforeMethod" finished-at="2023-04-04T11:29:02 IST" duration-ms="1013" status="PASS">
          <reporter-output>
          </reporter-output>
        </test-method> <!-- beforeMethod -->
        <test-method signature="test2()[pri:0, instance:testNgPack.TestNgSignUp@2145b572]" started-at="2023-04-04T11:29:02 IST" name="test2" finished-at="2023-04-04T11:29:04 IST" duration-ms="2059" status="PASS">
          <reporter-output>
          </reporter-output>
        </test-method> <!-- test2 -->
        <test-method is-config="true" signature="afterMethod(org.testng.ITestResult)[pri:0, instance:testNgPack.TestNgSignUp@2145b572]" started-at="2023-04-04T11:29:04 IST" name="afterMethod" finished-at="2023-04-04T11:29:04 IST" duration-ms="53" status="PASS">
          <params>
            <param index="0">
              <value>
                <![CDATA[[TestResult name=test2 status=SUCCESS method=TestNgSignUp.test2()[pri:0, instance:testNgPack.TestNgSignUp@2145b572] output={null}]]]>
              </value>
            </param>
          </params>
          <reporter-output>
          </reporter-output>
        </test-method> <!-- afterMethod -->
        <test-method is-config="true" signature="afterClass()[pri:0, instance:testNgPack.TestNgSignUp@2145b572]" started-at="2023-04-04T11:29:04 IST" name="afterClass" finished-at="2023-04-04T11:29:04 IST" duration-ms="0" status="PASS">
          <reporter-output>
          </reporter-output>
        </test-method> <!-- afterClass -->
        <test-method is-config="true" signature="ClosedBrowser()[pri:0, instance:testNgPack.TestNgSignUp@2145b572]" started-at="2023-04-04T11:29:04 IST" name="ClosedBrowser" finished-at="2023-04-04T11:29:05 IST" duration-ms="361" status="PASS">
          <reporter-output>
          </reporter-output>
        </test-method> <!-- ClosedBrowser -->
      </class> <!-- testNgPack.TestNgSignUp -->
    </test> <!-- ChromeTest -->
    <test started-at="2023-04-04T11:28:51 IST" name="EdgeTest" finished-at="2023-04-04T11:29:10 IST" duration-ms="19251">
      <class name="testNgPack.TestNg">
        <test-method is-config="true" signature="openBrowser(java.lang.String)[pri:0, instance:testNgPack.TestNg@32eff876]" started-at="2023-04-04T11:28:51 IST" name="openBrowser" finished-at="2023-04-04T11:28:52 IST" duration-ms="1343" status="PASS">
          <params>
            <param index="0">
              <value>
                <![CDATA[Edge]]>
              </value>
            </param>
          </params>
          <reporter-output>
          </reporter-output>
        </test-method> <!-- openBrowser -->
        <test-method is-config="true" signature="CreatePOMobject()[pri:0, instance:testNgPack.TestNg@32eff876]" started-at="2023-04-04T11:28:55 IST" name="CreatePOMobject" finished-at="2023-04-04T11:28:55 IST" duration-ms="0" status="PASS">
          <reporter-output>
          </reporter-output>
        </test-method> <!-- CreatePOMobject -->
        <test-method is-config="true" signature="BrowserOpen()[pri:0, instance:testNgPack.TestNg@32eff876]" started-at="2023-04-04T11:28:55 IST" name="BrowserOpen" finished-at="2023-04-04T11:29:04 IST" duration-ms="9086" status="PASS">
          <reporter-output>
          </reporter-output>
        </test-method> <!-- BrowserOpen -->
        <test-method signature="VerifyCancleButtonOnForgotPasswordPage()[pri:0, instance:testNgPack.TestNg@32eff876]" started-at="2023-04-04T11:29:04 IST" name="VerifyCancleButtonOnForgotPasswordPage" finished-at="2023-04-04T11:29:05 IST" duration-ms="1479" status="PASS">
          <reporter-output>
          </reporter-output>
        </test-method> <!-- VerifyCancleButtonOnForgotPasswordPage -->
        <test-method is-config="true" signature="BrowserOpen()[pri:0, instance:testNgPack.TestNg@32eff876]" started-at="2023-04-04T11:29:05 IST" name="BrowserOpen" finished-at="2023-04-04T11:29:09 IST" duration-ms="3905" status="PASS">
          <reporter-output>
          </reporter-output>
        </test-method> <!-- BrowserOpen -->
        <test-method is-config="true" signature="LogoutFromApplication(org.testng.ITestResult)[pri:0, instance:testNgPack.TestNg@32eff876]" started-at="2023-04-04T11:29:05 IST" name="LogoutFromApplication" finished-at="2023-04-04T11:29:05 IST" duration-ms="0" status="PASS">
          <params>
            <param index="0">
              <value>
                <![CDATA[[TestResult name=VerifyCancleButtonOnForgotPasswordPage status=SUCCESS method=TestNg.VerifyCancleButtonOnForgotPasswordPage()[pri:0, instance:testNgPack.TestNg@32eff876] output={null}]]]>
              </value>
            </param>
          </params>
          <reporter-output>
          </reporter-output>
        </test-method> <!-- LogoutFromApplication -->
        <test-method signature="VerifyMassageonForgotPasswordPage()[pri:0, instance:testNgPack.TestNg@32eff876]" started-at="2023-04-04T11:29:09 IST" name="VerifyMassageonForgotPasswordPage" finished-at="2023-04-04T11:29:09 IST" duration-ms="34" status="PASS">
          <reporter-output>
          </reporter-output>
        </test-method> <!-- VerifyMassageonForgotPasswordPage -->
        <test-method is-config="true" signature="LogoutFromApplication(org.testng.ITestResult)[pri:0, instance:testNgPack.TestNg@32eff876]" started-at="2023-04-04T11:29:09 IST" name="LogoutFromApplication" finished-at="2023-04-04T11:29:09 IST" duration-ms="1" status="PASS">
          <params>
            <param index="0">
              <value>
                <![CDATA[[TestResult name=VerifyMassageonForgotPasswordPage status=SUCCESS method=TestNg.VerifyMassageonForgotPasswordPage()[pri:0, instance:testNgPack.TestNg@32eff876] output={null}]]]>
              </value>
            </param>
          </params>
          <reporter-output>
          </reporter-output>
        </test-method> <!-- LogoutFromApplication -->
        <test-method is-config="true" signature="afterClass()[pri:0, instance:testNgPack.TestNg@32eff876]" started-at="2023-04-04T11:29:09 IST" name="afterClass" finished-at="2023-04-04T11:29:09 IST" duration-ms="0" status="PASS">
          <reporter-output>
          </reporter-output>
        </test-method> <!-- afterClass -->
        <test-method is-config="true" signature="afterTest()[pri:0, instance:testNgPack.TestNg@32eff876]" started-at="2023-04-04T11:29:09 IST" name="afterTest" finished-at="2023-04-04T11:29:10 IST" duration-ms="322" status="PASS">
          <reporter-output>
          </reporter-output>
        </test-method> <!-- afterTest -->
      </class> <!-- testNgPack.TestNg -->
      <class name="testNgPack.TestNgSignUp">
        <test-method is-config="true" signature="openBrowser(java.lang.String)[pri:0, instance:testNgPack.TestNgSignUp@71809907]" started-at="2023-04-04T11:28:52 IST" name="openBrowser" finished-at="2023-04-04T11:28:55 IST" duration-ms="2710" status="PASS">
          <params>
            <param index="0">
              <value>
                <![CDATA[Edge]]>
              </value>
            </param>
          </params>
          <reporter-output>
          </reporter-output>
        </test-method> <!-- openBrowser -->
        <test-method is-config="true" signature="CreatePOMObject()[pri:0, instance:testNgPack.TestNgSignUp@71809907]" started-at="2023-04-04T11:28:55 IST" name="CreatePOMObject" finished-at="2023-04-04T11:28:55 IST" duration-ms="1" status="PASS">
          <reporter-output>
          </reporter-output>
        </test-method> <!-- CreatePOMObject -->
        <test-method is-config="true" signature="beforeMethod()[pri:0, instance:testNgPack.TestNgSignUp@71809907]" started-at="2023-04-04T11:28:55 IST" name="beforeMethod" finished-at="2023-04-04T11:29:00 IST" duration-ms="5266" status="PASS">
          <reporter-output>
          </reporter-output>
        </test-method> <!-- beforeMethod -->
        <test-method signature="test1()[pri:0, instance:testNgPack.TestNgSignUp@71809907]" started-at="2023-04-04T11:29:00 IST" name="test1" finished-at="2023-04-04T11:29:01 IST" duration-ms="1065" status="FAIL">
          <exception class="java.lang.NoSuchFieldError">
            <message>
              <![CDATA[Factory]]>
            </message>
            <full-stacktrace>
              <![CDATA[java.lang.NoSuchFieldError: Factory
at org.apache.poi.xssf.model.ThemesTable.readFrom(ThemesTable.java:119)
at org.apache.poi.xssf.model.ThemesTable.<init>(ThemesTable.java:87)
at org.apache.poi.ooxml.POIXMLFactory.createDocumentPart(POIXMLFactory.java:61)
at org.apache.poi.ooxml.POIXMLDocumentPart.read(POIXMLDocumentPart.java:661)
at org.apache.poi.ooxml.POIXMLDocument.load(POIXMLDocument.java:165)
at org.apache.poi.xssf.usermodel.XSSFWorkbook.<init>(XSSFWorkbook.java:259)
at org.apache.poi.xssf.usermodel.XSSFWorkbookFactory.createWorkbook(XSSFWorkbookFactory.java:118)
at org.apache.poi.xssf.usermodel.XSSFWorkbookFactory.create(XSSFWorkbookFactory.java:98)
at org.apache.poi.xssf.usermodel.XSSFWorkbookFactory.create(XSSFWorkbookFactory.java:36)
at org.apache.poi.ss.usermodel.WorkbookFactory.lambda$create$2(WorkbookFactory.java:224)
at org.apache.poi.ss.usermodel.WorkbookFactory.wp(WorkbookFactory.java:329)
at org.apache.poi.ss.usermodel.WorkbookFactory.create(WorkbookFactory.java:224)
at org.apache.poi.ss.usermodel.WorkbookFactory.create(WorkbookFactory.java:185)
at utils.Utility.getExcelData(Utility.java:47)
at testNgPack.TestNgSignUp.test1(TestNgSignUp.java:94)
at java.base/jdk.internal.reflect.NativeMethodAccessorImpl.invoke0(Native Method)
at java.base/jdk.internal.reflect.NativeMethodAccessorImpl.invoke(NativeMethodAccessorImpl.java:77)
at java.base/jdk.internal.reflect.DelegatingMethodAccessorImpl.invoke(DelegatingMethodAccessorImpl.java:43)
at java.base/java.lang.reflect.Method.invoke(Method.java:568)
at org.testng.internal.MethodInvocationHelper.invokeMethod(MethodInvocationHelper.java:133)
at org.testng.internal.TestInvoker.invokeMethod(TestInvoker.java:598)
at org.testng.internal.TestInvoker.invokeTestMethod(TestInvoker.java:173)
at org.testng.internal.MethodRunner.runInSequence(MethodRunner.java:46)
at org.testng.internal.TestInvoker$MethodInvocationAgent.invoke(TestInvoker.java:824)
at org.testng.internal.TestInvoker.invokeTestMethods(TestInvoker.java:146)
at org.testng.internal.TestMethodWorker.invokeTestMethods(TestMethodWorker.java:146)
at org.testng.internal.TestMethodWorker.run(TestMethodWorker.java:128)
at java.base/java.util.concurrent.ThreadPoolExecutor.runWorker(ThreadPoolExecutor.java:1136)
at java.base/java.util.concurrent.ThreadPoolExecutor$Worker.run(ThreadPoolExecutor.java:635)
at java.base/java.lang.Thread.run(Thread.java:833)
]]>
            </full-stacktrace>
          </exception> <!-- java.lang.NoSuchFieldError -->
          <reporter-output>
          </reporter-output>
        </test-method> <!-- test1 -->
        <test-method is-config="true" signature="afterMethod(org.testng.ITestResult)[pri:0, instance:testNgPack.TestNgSignUp@71809907]" started-at="2023-04-04T11:29:01 IST" name="afterMethod" finished-at="2023-04-04T11:29:01 IST" duration-ms="382" status="PASS">
          <params>
            <param index="0">
              <value>
                <![CDATA[[TestResult name=test1 status=FAILURE method=TestNgSignUp.test1()[pri:0, instance:testNgPack.TestNgSignUp@71809907] output={null}]]]>
              </value>
            </param>
          </params>
          <reporter-output>
          </reporter-output>
        </test-method> <!-- afterMethod -->
        <test-method is-config="true" signature="beforeMethod()[pri:0, instance:testNgPack.TestNgSignUp@71809907]" started-at="2023-04-04T11:29:01 IST" name="beforeMethod" finished-at="2023-04-04T11:29:04 IST" duration-ms="2347" status="PASS">
          <reporter-output>
          </reporter-output>
        </test-method> <!-- beforeMethod -->
        <test-method signature="test2()[pri:0, instance:testNgPack.TestNgSignUp@71809907]" started-at="2023-04-04T11:29:04 IST" name="test2" finished-at="2023-04-04T11:29:06 IST" duration-ms="2293" status="PASS">
          <reporter-output>
          </reporter-output>
        </test-method> <!-- test2 -->
        <test-method is-config="true" signature="afterMethod(org.testng.ITestResult)[pri:0, instance:testNgPack.TestNgSignUp@71809907]" started-at="2023-04-04T11:29:06 IST" name="afterMethod" finished-at="2023-04-04T11:29:06 IST" duration-ms="71" status="PASS">
          <params>
            <param index="0">
              <value>
                <![CDATA[[TestResult name=test2 status=SUCCESS method=TestNgSignUp.test2()[pri:0, instance:testNgPack.TestNgSignUp@71809907] output={null}]]]>
              </value>
            </param>
          </params>
          <reporter-output>
          </reporter-output>
        </test-method> <!-- afterMethod -->
        <test-method is-config="true" signature="afterClass()[pri:0, instance:testNgPack.TestNgSignUp@71809907]" started-at="2023-04-04T11:29:06 IST" name="afterClass" finished-at="2023-04-04T11:29:06 IST" duration-ms="0" status="PASS">
          <reporter-output>
          </reporter-output>
        </test-method> <!-- afterClass -->
        <test-method is-config="true" signature="ClosedBrowser()[pri:0, instance:testNgPack.TestNgSignUp@71809907]" started-at="2023-04-04T11:29:10 IST" name="ClosedBrowser" finished-at="2023-04-04T11:29:10 IST" duration-ms="349" status="PASS">
          <reporter-output>
          </reporter-output>
        </test-method> <!-- ClosedBrowser -->
      </class> <!-- testNgPack.TestNgSignUp -->
    </test> <!-- EdgeTest -->
  </suite> <!-- Suite -->
</testng-results>
